2026-01-04 23:33:16   abc   :   adb.exe: device 'abc' not found
2026-01-04 23:34:04   abc 2   :   adb.exe: device 'abc 2' not found
2026-01-04 23:35:09   abc   :   adb.exe: device 'abc' not found
2026-01-04 23:59:31   abc 2222   :   adb.exe: device 'abc 2222' not found
2026-01-05 00:02:30   abc   :   adb.exe: device 'abc' not found
2026-01-05 15:27:10   RS4HU8XW4HY9FE4X   :   Exception occurred while executing 'text':
java.lang.IllegalArgumentException: Argument expected after "text"
	at com.android.modules.utils.BasicShellCommandHandler.getNextArgRequired(BasicShellCommandHandler.java:295)
	at com.android.server.input.InputShellCommand.runText(InputShellCommand.java:247)
	at com.android.server.input.InputShellCommand.onCommand(InputShellCommand.java:188)
	at com.android.modules.utils.BasicShellCommandHandler.exec(BasicShellCommandHandler.java:97)
	at android.os.ShellCommand.exec(ShellCommand.java:38)
	at com.android.server.input.InputManagerService.onShellCommand(InputManagerService.java:3553)
	at android.os.Binder.shellCommand(Binder.java:956)
	at android.os.Binder.onTransact(Binder.java:840)
	at android.hardware.input.IInputManager$Stub.onTransact(IInputManager.java:1144)
	at android.os.Binder.execTransactInternal(Binder.java:1190)
	at android.os.Binder.execTransact(Binder.java:1149)
2026-01-05 15:29:50   RS4HU8XW4HY9FE4X   :   Exception occurred while executing 'text':
java.lang.IllegalArgumentException: Argument expected after "text"
	at com.android.modules.utils.BasicShellCommandHandler.getNextArgRequired(BasicShellCommandHandler.java:295)
	at com.android.server.input.InputShellCommand.runText(InputShellCommand.java:247)
	at com.android.server.input.InputShellCommand.onCommand(InputShellCommand.java:188)
	at com.android.modules.utils.BasicShellCommandHandler.exec(BasicShellCommandHandler.java:97)
	at android.os.ShellCommand.exec(ShellCommand.java:38)
	at com.android.server.input.InputManagerService.onShellCommand(InputManagerService.java:3553)
	at android.os.Binder.shellCommand(Binder.java:956)
	at android.os.Binder.onTransact(Binder.java:840)
	at android.hardware.input.IInputManager$Stub.onTransact(IInputManager.java:1144)
	at android.os.Binder.execTransactInternal(Binder.java:1190)
	at android.os.Binder.execTransact(Binder.java:1149)
2026-01-05 15:30:14   RS4HU8XW4HY9FE4X   :   Exception occurred while executing 'text':
java.lang.IllegalArgumentException: Argument expected after "text"
	at com.android.modules.utils.BasicShellCommandHandler.getNextArgRequired(BasicShellCommandHandler.java:295)
	at com.android.server.input.InputShellCommand.runText(InputShellCommand.java:247)
	at com.android.server.input.InputShellCommand.onCommand(InputShellCommand.java:188)
	at com.android.modules.utils.BasicShellCommandHandler.exec(BasicShellCommandHandler.java:97)
	at android.os.ShellCommand.exec(ShellCommand.java:38)
	at com.android.server.input.InputManagerService.onShellCommand(InputManagerService.java:3553)
	at android.os.Binder.shellCommand(Binder.java:956)
	at android.os.Binder.onTransact(Binder.java:840)
	at android.hardware.input.IInputManager$Stub.onTransact(IInputManager.java:1144)
	at android.os.Binder.execTransactInternal(Binder.java:1190)
	at android.os.Binder.execTransact(Binder.java:1149)
2026-01-05 15:30:39   RS4HU8XW4HY9FE4X   :   Exception occurred while executing 'text':
java.lang.IllegalArgumentException: Argument expected after "text"
	at com.android.modules.utils.BasicShellCommandHandler.getNextArgRequired(BasicShellCommandHandler.java:295)
	at com.android.server.input.InputShellCommand.runText(InputShellCommand.java:247)
	at com.android.server.input.InputShellCommand.onCommand(InputShellCommand.java:188)
	at com.android.modules.utils.BasicShellCommandHandler.exec(BasicShellCommandHandler.java:97)
	at android.os.ShellCommand.exec(ShellCommand.java:38)
	at com.android.server.input.InputManagerService.onShellCommand(InputManagerService.java:3553)
	at android.os.Binder.shellCommand(Binder.java:956)
	at android.os.Binder.onTransact(Binder.java:840)
	at android.hardware.input.IInputManager$Stub.onTransact(IInputManager.java:1144)
	at android.os.Binder.execTransactInternal(Binder.java:1190)
	at android.os.Binder.execTransact(Binder.java:1149)
2026-01-05 15:30:42   RS4HU8XW4HY9FE4X   :   Exception occurred while executing 'text':
java.lang.IllegalArgumentException: Argument expected after "text"
	at com.android.modules.utils.BasicShellCommandHandler.getNextArgRequired(BasicShellCommandHandler.java:295)
	at com.android.server.input.InputShellCommand.runText(InputShellCommand.java:247)
	at com.android.server.input.InputShellCommand.onCommand(InputShellCommand.java:188)
	at com.android.modules.utils.BasicShellCommandHandler.exec(BasicShellCommandHandler.java:97)
	at android.os.ShellCommand.exec(ShellCommand.java:38)
	at com.android.server.input.InputManagerService.onShellCommand(InputManagerService.java:3553)
	at android.os.Binder.shellCommand(Binder.java:956)
	at android.os.Binder.onTransact(Binder.java:840)
	at android.hardware.input.IInputManager$Stub.onTransact(IInputManager.java:1144)
	at android.os.Binder.execTransactInternal(Binder.java:1190)
	at android.os.Binder.execTransact(Binder.java:1149)
2026-01-05 15:31:09   RS4HU8XW4HY9FE4X   :   Exception occurred while executing 'text':
java.lang.IllegalArgumentException: Argument expected after "text"
	at com.android.modules.utils.BasicShellCommandHandler.getNextArgRequired(BasicShellCommandHandler.java:295)
	at com.android.server.input.InputShellCommand.runText(InputShellCommand.java:247)
	at com.android.server.input.InputShellCommand.onCommand(InputShellCommand.java:188)
	at com.android.modules.utils.BasicShellCommandHandler.exec(BasicShellCommandHandler.java:97)
	at android.os.ShellCommand.exec(ShellCommand.java:38)
	at com.android.server.input.InputManagerService.onShellCommand(InputManagerService.java:3553)
	at android.os.Binder.shellCommand(Binder.java:956)
	at android.os.Binder.onTransact(Binder.java:840)
	at android.hardware.input.IInputManager$Stub.onTransact(IInputManager.java:1144)
	at android.os.Binder.execTransactInternal(Binder.java:1190)
	at android.os.Binder.execTransact(Binder.java:1149)
2026-01-05 15:53:22   RS4HU8XW4HY9FE4X   :   Exception occurred while executing 'text':
java.lang.IllegalArgumentException: Argument expected after "text"
	at com.android.modules.utils.BasicShellCommandHandler.getNextArgRequired(BasicShellCommandHandler.java:295)
	at com.android.server.input.InputShellCommand.runText(InputShellCommand.java:247)
	at com.android.server.input.InputShellCommand.onCommand(InputShellCommand.java:188)
	at com.android.modules.utils.BasicShellCommandHandler.exec(BasicShellCommandHandler.java:97)
	at android.os.ShellCommand.exec(ShellCommand.java:38)
	at com.android.server.input.InputManagerService.onShellCommand(InputManagerService.java:3553)
	at android.os.Binder.shellCommand(Binder.java:956)
	at android.os.Binder.onTransact(Binder.java:840)
	at android.hardware.input.IInputManager$Stub.onTransact(IInputManager.java:1144)
	at android.os.Binder.execTransactInternal(Binder.java:1190)
	at android.os.Binder.execTransact(Binder.java:1149)
2026-01-05 16:11:59   RS4HU8XW4HY9FE4X   :   Exception occurred while executing 'text':
java.lang.IllegalArgumentException: Argument expected after "text"
	at com.android.modules.utils.BasicShellCommandHandler.getNextArgRequired(BasicShellCommandHandler.java:295)
	at com.android.server.input.InputShellCommand.runText(InputShellCommand.java:247)
	at com.android.server.input.InputShellCommand.onCommand(InputShellCommand.java:188)
	at com.android.modules.utils.BasicShellCommandHandler.exec(BasicShellCommandHandler.java:97)
	at android.os.ShellCommand.exec(ShellCommand.java:38)
	at com.android.server.input.InputManagerService.onShellCommand(InputManagerService.java:3553)
	at android.os.Binder.shellCommand(Binder.java:956)
	at android.os.Binder.onTransact(Binder.java:840)
	at android.hardware.input.IInputManager$Stub.onTransact(IInputManager.java:1144)
	at android.os.Binder.execTransactInternal(Binder.java:1190)
	at android.os.Binder.execTransact(Binder.java:1149)
2026-01-05 16:16:16   ZDPN457HG67DIFN7   :   adb.exe: device 'ZDPN457HG67DIFN7' not found
2026-01-05 16:16:16   RS4HU8XW4HY9FE4X   :   Exception occurred while executing 'text':
java.lang.IllegalArgumentException: Argument expected after "text"
	at com.android.modules.utils.BasicShellCommandHandler.getNextArgRequired(BasicShellCommandHandler.java:295)
	at com.android.server.input.InputShellCommand.runText(InputShellCommand.java:247)
	at com.android.server.input.InputShellCommand.onCommand(InputShellCommand.java:188)
	at com.android.modules.utils.BasicShellCommandHandler.exec(BasicShellCommandHandler.java:97)
	at android.os.ShellCommand.exec(ShellCommand.java:38)
	at com.android.server.input.InputManagerService.onShellCommand(InputManagerService.java:3553)
	at android.os.Binder.shellCommand(Binder.java:956)
	at android.os.Binder.onTransact(Binder.java:840)
	at android.hardware.input.IInputManager$Stub.onTransact(IInputManager.java:1144)
	at android.os.Binder.execTransactInternal(Binder.java:1190)
	at android.os.Binder.execTransact(Binder.java:1149)
2026-01-05 16:32:15   RS4HU8XW4HY9FE4X   :   exit_code=-1
2026-01-05 16:32:25   RS4HU8XW4HY9FE4X   :   Unknown command: ráº»wr
2026-01-05 16:32:53   RS4HU8XW4HY9FE4X   :   Unknown command: 123344435535
2026-01-05 16:41:59   RS4HU8XW4HY9FE4X   :   exit_code=-1
2026-01-05 16:42:42   RS4HU8XW4HY9FE4X   :   exit_code=-1
2026-01-05 16:59:02   RS4HU8XW4HY9FE4X   :   exit_code=-1
2026-01-05 16:59:33   RS4HU8XW4HY9FE4X   :   exit_code=-1
2026-01-05 17:03:25   RS4HU8XW4HY9FE4X   :   exit_code=-1
2026-01-05 17:06:24   RS4HU8XW4HY9FE4X   :   exit_code=-1
2026-01-05 17:06:44   RS4HU8XW4HY9FE4X   :   exit_code=-1
2026-01-05 17:17:36   RS4HU8XW4HY9FE4X   :   exit_code=-1
2026-01-05 17:21:35   RS4HU8XW4HY9FE4X   :   exit_code=-1
2026-01-05 17:22:12   ZDPN457HG67DIFN7   :   adb.exe: device 'ZDPN457HG67DIFN7' not found
2026-01-05 17:22:14   RS4HU8XW4HY9FE4X   :   exit_code=-1
2026-01-05 17:38:13   RS4HU8XW4HY9FE4X   :   exit_code=-1
2026-01-05 17:38:15   ZDPN457HG67DIFN7   :   exit_code=-1
2026-01-05 17:39:49   RS4HU8XW4HY9FE4X   :   exit_code=-1
2026-01-05 17:39:51   ZDPN457HG67DIFN7   :   exit_code=-1
2026-01-05 17:40:06   RS4HU8XW4HY9FE4X   :   exit_code=-1
2026-01-05 17:40:08   ZDPN457HG67DIFN7   :   exit_code=-1
2026-01-05 17:44:02   ce01160184cf891b02   :   adb.exe: device 'ce01160184cf891b02' not found
2026-01-05 17:44:04   ce021602335bdc0d02   :   adb.exe: device 'ce021602335bdc0d02' not found
2026-01-05 17:44:06   ce0117110af9713a05   :   adb.exe: device 'ce0117110af9713a05' not found
2026-01-05 17:44:08   ce02160265ac7d2004   :   adb.exe: device 'ce02160265ac7d2004' not found
2026-01-05 17:44:10   ce01171119989a1702   :   adb.exe: device 'ce01171119989a1702' not found
2026-01-05 17:44:12   ce02171272041ce70c   :   adb.exe: device 'ce02171272041ce70c' not found
2026-01-05 17:44:14   ce011601ca2b952604   :   adb.exe: device 'ce011601ca2b952604' not found
2026-01-05 17:44:16   ce0416041879102602   :   adb.exe: device 'ce0416041879102602' not found
2026-01-05 17:44:18   ce041604d518202e01   :   adb.exe: device 'ce041604d518202e01' not found
2026-01-05 17:44:20   ce021602750c553d02   :   adb.exe: device 'ce021602750c553d02' not found
2026-01-05 17:44:22   ce11160b34a0863604   :   adb.exe: device 'ce11160b34a0863604' not found
2026-01-05 17:44:25   ce041604a5a93f0c04   :   adb.exe: device 'ce041604a5a93f0c04' not found
2026-01-05 17:44:27   ce031603b3d7600503   :   adb.exe: device 'ce031603b3d7600503' not found
2026-01-05 17:44:29   ce10160a8113a41e05   :   adb.exe: device 'ce10160a8113a41e05' not found
2026-01-05 17:44:31   ce0216024b0d102305   :   adb.exe: device 'ce0216024b0d102305' not found
2026-01-05 17:44:33   ce12160c0aac783c04   :   adb.exe: device 'ce12160c0aac783c04' not found
2026-01-05 17:44:35   ce091609d0e07c3c05   :   adb.exe: device 'ce091609d0e07c3c05' not found
2026-01-05 17:44:37   ce0616062d672a0303   :   adb.exe: device 'ce0616062d672a0303' not found
2026-01-05 17:44:39   ce12160cbb86050405   :   adb.exe: device 'ce12160cbb86050405' not found
2026-01-05 17:44:41   ce11160b19aab50804   :   adb.exe: device 'ce11160b19aab50804' not found
2026-01-05 17:44:43   RS4HU8XW4HY9FE4X   :   exit_code=-1
2026-01-05 17:44:45   ZDPN457HG67DIFN7   :   exit_code=-1
2026-01-05 17:45:49   ce12160cbb86050405   :   adb.exe: device 'ce12160cbb86050405' not found
2026-01-05 17:45:51   ce12160c0aac783c04   :   adb.exe: device 'ce12160c0aac783c04' not found
2026-01-05 17:45:53   RS4HU8XW4HY9FE4X   :   exit_code=-1
2026-01-05 17:45:55   ZDPN457HG67DIFN7   :   exit_code=-1
2026-01-05 17:50:10   ce12160c0aac783c04   :   adb.exe: device 'ce12160c0aac783c04' not found
2026-01-05 17:50:12   ce12160cbb86050405   :   adb.exe: device 'ce12160cbb86050405' not found
2026-01-05 17:50:14   RS4HU8XW4HY9FE4X   :   exit_code=-1
2026-01-05 17:50:16   ZDPN457HG67DIFN7   :   exit_code=-1
2026-01-05 17:54:37   RS4HU8XW4HY9FE4X   :   adb.exe: device 'RS4HU8XW4HY9FE4X' not found
2026-01-05 17:54:39   ce12160cbb86050405   :   adb.exe: device 'ce12160cbb86050405' not found
2026-01-05 17:54:41   ce12160c0aac783c04   :   adb.exe: device 'ce12160c0aac783c04' not found
2026-01-05 17:55:52   ce12160c0aac783c04   :   adb.exe: device 'ce12160c0aac783c04' not found
2026-01-05 17:55:54   ce12160cbb86050405   :   adb.exe: device 'ce12160cbb86050405' not found
2026-01-05 17:55:56   RS4HU8XW4HY9FE4X   :   adb.exe: device 'RS4HU8XW4HY9FE4X' not found
2026-01-05 17:56:59   ce12160cbb86050405   :   adb.exe: device 'ce12160cbb86050405' not found
2026-01-05 17:57:01   RS4HU8XW4HY9FE4X   :   adb.exe: device 'RS4HU8XW4HY9FE4X' not found
2026-01-05 17:57:03   ce12160c0aac783c04   :   adb.exe: device 'ce12160c0aac783c04' not found
2026-01-05 17:57:25   ce12160cbb86050405   :   adb.exe: device 'ce12160cbb86050405' not found
2026-01-05 17:57:27   ce12160c0aac783c04   :   adb.exe: device 'ce12160c0aac783c04' not found
2026-01-05 17:57:29   RS4HU8XW4HY9FE4X   :   adb.exe: device 'RS4HU8XW4HY9FE4X' not found
2026-01-05 17:57:53   ce12160c0aac783c04   :   adb.exe: device 'ce12160c0aac783c04' not found
2026-01-05 17:57:55   RS4HU8XW4HY9FE4X   :   adb.exe: device 'RS4HU8XW4HY9FE4X' not found
2026-01-05 17:57:57   ce12160cbb86050405   :   adb.exe: device 'ce12160cbb86050405' not found
2026-01-05 18:10:14   RS4HU8XW4HY9FE4X   :   adb.exe: device 'RS4HU8XW4HY9FE4X' not found
2026-01-05 18:10:16   ce12160c0aac783c04   :   adb.exe: device 'ce12160c0aac783c04' not found
2026-01-05 18:10:19   ce12160cbb86050405   :   adb.exe: device 'ce12160cbb86050405' not found
2026-01-05 18:10:54   ce12160cbb86050405   :   adb.exe: device 'ce12160cbb86050405' not found
2026-01-05 18:10:56   ce12160c0aac783c04   :   adb.exe: device 'ce12160c0aac783c04' not found
2026-01-05 18:10:58   RS4HU8XW4HY9FE4X   :   adb.exe: device 'RS4HU8XW4HY9FE4X' not found
2026-01-06 03:10:58   ZDPN457HG67DIFN7   :   adb.exe: unknown command screencap
2026-01-08 05:43:05   ZDPN457HG67DIFN7   :   Installation sequence failed with rollback.
2026-01-08 05:46:50   ZDPN457HG67DIFN7   :   Installation sequence failed with rollback.
2026-01-08 05:49:03   ZDPN457HG67DIFN7   :   Installation sequence failed with rollback.
2026-01-08 06:39:06   ZDPN457HG67DIFN7   :   Installation sequence failed with rollback.
2026-01-08 07:09:19   RS4HU8XW4HY9FE4X   :   Installation sequence failed with rollback.
2026-01-08 07:09:21   ZDPN457HG67DIFN7   :   Installation sequence failed with rollback.
2026-01-08 17:28:40   RS4HU8XW4HY9FE4X   :   Installation sequence failed with rollback.
2026-01-08 17:30:12   RS4HU8XW4HY9FE4X   :   Installation sequence failed with rollback.
2026-01-08 17:30:14   ZDPN457HG67DIFN7   :   Installation sequence failed with rollback.
2026-01-08 17:35:59   e5dd0e31   :   Exception occurred while executing 'keyevent':
java.lang.SecurityException: Injecting input events requires the caller (or the source of the instrumentation, if any) to have the INJECT_EVENTS permission.
	at com.android.server.input.InputManagerService.injectInputEventToTarget(InputManagerService.java:925)
	at android.hardware.input.InputManagerGlobal.injectInputEvent(InputManagerGlobal.java:1217)
	at android.hardware.input.InputManagerGlobal.injectInputEvent(InputManagerGlobal.java:1227)
	at com.android.server.input.InputShellCommand.injectKeyEvent(InputShellCommand.java:124)
	at com.android.server.input.InputShellCommand.sendKeyEvent(InputShellCommand.java:377)
	at com.android.server.input.InputShellCommand.runKeyEvent(InputShellCommand.java:365)
	at com.android.server.input.InputShellCommand.onCommand(InputShellCommand.java:253)
	at com.android.modules.utils.BasicShellCommandHandler.exec(BasicShellCommandHandler.java:97)
	at android.os.ShellCommand.exec(ShellCommand.java:38)
	at com.android.server.input.InputManagerService.onShellCommand(InputManagerService.java:3463)
	at android.os.Binder.shellCommand(Binder.java:1075)
	at android.os.Binder.onTransact(Binder.java:895)
	at android.hardware.input.IInputManager$Stub.onTransact(IInputManager.java:1372)
	at android.os.Binder.execTransactInternal(Binder.java:1351)
	at android.os.Binder.execTransact(Binder.java:1282)
2026-01-08 17:36:20   e5dd0e31   :   Exception occurred while executing 'keyevent':
java.lang.SecurityException: Injecting input events requires the caller (or the source of the instrumentation, if any) to have the INJECT_EVENTS permission.
	at com.android.server.input.InputManagerService.injectInputEventToTarget(InputManagerService.java:925)
	at android.hardware.input.InputManagerGlobal.injectInputEvent(InputManagerGlobal.java:1217)
	at android.hardware.input.InputManagerGlobal.injectInputEvent(InputManagerGlobal.java:1227)
	at com.android.server.input.InputShellCommand.injectKeyEvent(InputShellCommand.java:124)
	at com.android.server.input.InputShellCommand.sendKeyEvent(InputShellCommand.java:377)
	at com.android.server.input.InputShellCommand.runKeyEvent(InputShellCommand.java:365)
	at com.android.server.input.InputShellCommand.onCommand(InputShellCommand.java:253)
	at com.android.modules.utils.BasicShellCommandHandler.exec(BasicShellCommandHandler.java:97)
	at android.os.ShellCommand.exec(ShellCommand.java:38)
	at com.android.server.input.InputManagerService.onShellCommand(InputManagerService.java:3463)
	at android.os.Binder.shellCommand(Binder.java:1075)
	at android.os.Binder.onTransact(Binder.java:895)
	at android.hardware.input.IInputManager$Stub.onTransact(IInputManager.java:1372)
	at android.os.Binder.execTransactInternal(Binder.java:1351)
	at android.os.Binder.execTransact(Binder.java:1282)
2026-01-08 17:36:54   ZDPN457HG67DIFN7   :   Installation sequence failed with rollback.
2026-01-08 17:36:56   e5dd0e31   :   Installation sequence failed with rollback.
2026-01-08 17:38:00   e5dd0e31   :   Installation sequence failed with rollback.
2026-01-08 17:39:53   e5dd0e31   :   Installation sequence failed with rollback.
2026-01-08 17:43:11   e5dd0e31   :   Installation sequence failed with rollback.
2026-01-08 17:45:58   e5dd0e31   :   Installation sequence failed with rollback.
2026-01-08 17:48:35   ZDPN457HG67DIFN7   :   Installation sequence failed with rollback.
2026-01-08 17:49:17   e5dd0e31   :   Installation sequence failed with rollback.
2026-01-08 17:56:54   e5dd0e31   :   Installation sequence failed with rollback.
2026-01-08 18:18:09   e5dd0e31   :   Exception occurred while executing 'keyevent':
java.lang.SecurityException: Injecting input events requires the caller (or the source of the instrumentation, if any) to have the INJECT_EVENTS permission.
	at com.android.server.input.InputManagerService.injectInputEventToTarget(InputManagerService.java:925)
	at android.hardware.input.InputManagerGlobal.injectInputEvent(InputManagerGlobal.java:1217)
	at android.hardware.input.InputManagerGlobal.injectInputEvent(InputManagerGlobal.java:1227)
	at com.android.server.input.InputShellCommand.injectKeyEvent(InputShellCommand.java:124)
	at com.android.server.input.InputShellCommand.sendKeyEvent(InputShellCommand.java:377)
	at com.android.server.input.InputShellCommand.runKeyEvent(InputShellCommand.java:365)
	at com.android.server.input.InputShellCommand.onCommand(InputShellCommand.java:253)
	at com.android.modules.utils.BasicShellCommandHandler.exec(BasicShellCommandHandler.java:97)
	at android.os.ShellCommand.exec(ShellCommand.java:38)
	at com.android.server.input.InputManagerService.onShellCommand(InputManagerService.java:3463)
	at android.os.Binder.shellCommand(Binder.java:1075)
	at android.os.Binder.onTransact(Binder.java:895)
	at android.hardware.input.IInputManager$Stub.onTransact(IInputManager.java:1372)
	at android.os.Binder.execTransactInternal(Binder.java:1351)
	at android.os.Binder.execTransact(Binder.java:1282)
2026-01-08 18:19:09   e5dd0e31   :   Installation sequence failed with rollback.
2026-01-08 18:32:53   e5dd0e31   :   Exception occurred while executing 'keyevent':
java.lang.SecurityException: Injecting input events requires the caller (or the source of the instrumentation, if any) to have the INJECT_EVENTS permission.
	at com.android.server.input.InputManagerService.injectInputEventToTarget(InputManagerService.java:925)
	at android.hardware.input.InputManagerGlobal.injectInputEvent(InputManagerGlobal.java:1217)
	at android.hardware.input.InputManagerGlobal.injectInputEvent(InputManagerGlobal.java:1227)
	at com.android.server.input.InputShellCommand.injectKeyEvent(InputShellCommand.java:124)
	at com.android.server.input.InputShellCommand.sendKeyEvent(InputShellCommand.java:377)
	at com.android.server.input.InputShellCommand.runKeyEvent(InputShellCommand.java:365)
	at com.android.server.input.InputShellCommand.onCommand(InputShellCommand.java:253)
	at com.android.modules.utils.BasicShellCommandHandler.exec(BasicShellCommandHandler.java:97)
	at android.os.ShellCommand.exec(ShellCommand.java:38)
	at com.android.server.input.InputManagerService.onShellCommand(InputManagerService.java:3463)
	at android.os.Binder.shellCommand(Binder.java:1075)
	at android.os.Binder.onTransact(Binder.java:895)
	at android.hardware.input.IInputManager$Stub.onTransact(IInputManager.java:1372)
	at android.os.Binder.execTransactInternal(Binder.java:1351)
	at android.os.Binder.execTransact(Binder.java:1282)
2026-01-08 18:33:36   ZDPN457HG67DIFN7   :   Installation sequence failed with rollback.
2026-01-08 18:35:11   e5dd0e31   :   Installation sequence failed with rollback.
2026-01-08 18:46:16   e5dd0e31   :   Installation sequence failed with rollback.
2026-01-08 18:50:36   e5dd0e31   :   Installation sequence failed with rollback.
2026-01-08 18:52:30   ce12160cbb86050405   :   Installation sequence failed with rollback.
2026-01-08 18:52:32   ce12160c0aac783c04   :   Installation sequence failed with rollback.
2026-01-08 21:55:48   ZDPN457HG67DIFN7   :   adb.exe: unknown command net-push
2026-01-08 21:58:33   ZDPN457HG67DIFN7   :   adb.exe: unknown command net-push
2026-01-08 22:03:10   ZDPN457HG67DIFN7   :   adb.exe: unknown command net-push
2026-01-08 22:05:48   ZDPN457HG67DIFN7   :   Failed to download file from URL
2026-01-08 22:52:47   e5dd0e31   :   adb: error: failed to get feature set: device 'e5dd0e31' not found
2026-01-09 00:09:30   e5dd0e31   :   adb.exe: device 'e5dd0e31' not found
2026-01-09 00:10:00   e5dd0e31   :   adb.exe: device 'e5dd0e31' not found
2026-01-09 00:10:02   ZDPN457HG67DIFN7   :   android.util.AndroidException: INSTRUMENTATION_FAILED: nat.myc.test/androidx.test.runner.AndroidJUnitRunner
	at com.android.commands.am.Instrument.run(Instrument.java:519)
	at com.android.commands.am.Am.runInstrument(Am.java:202)
	at com.android.commands.am.Am.onRun(Am.java:80)
	at com.android.internal.os.BaseCommand.run(BaseCommand.java:60)
	at com.android.commands.am.Am.main(Am.java:50)
	at com.android.internal.os.RuntimeInit.nativeFinishInit(Native Method)
	at com.android.internal.os.RuntimeInit.main(RuntimeInit.java:439)
2026-01-09 00:15:12   e5dd0e31   :   adb.exe: device 'e5dd0e31' not found
2026-01-09 00:18:10   e5dd0e31   :   adb.exe: device 'e5dd0e31' not found
2026-01-09 00:18:12   ce12160cbb86050405   :   adb.exe: device 'ce12160cbb86050405' not found
2026-01-09 00:19:27   ce01160184cf891b02   :   adb.exe: device 'ce01160184cf891b02' not found
2026-01-09 00:19:29   ce011601ca2b952604   :   adb.exe: device 'ce011601ca2b952604' not found
2026-01-09 00:19:31   ce02160265ac7d2004   :   adb.exe: device 'ce02160265ac7d2004' not found
2026-01-09 00:19:33   ce02171272041ce70c   :   adb.exe: device 'ce02171272041ce70c' not found
2026-01-09 00:19:35   ce0216024b0d102305   :   adb.exe: device 'ce0216024b0d102305' not found
2026-01-09 00:19:37   ce01171119989a1702   :   adb.exe: device 'ce01171119989a1702' not found
2026-01-09 00:19:39   ce021602335bdc0d02   :   adb.exe: device 'ce021602335bdc0d02' not found
2026-01-09 00:19:41   ce021602750c553d02   :   adb.exe: device 'ce021602750c553d02' not found
2026-01-09 00:19:43   ce0416041879102602   :   adb.exe: device 'ce0416041879102602' not found
2026-01-09 00:19:46   ce0117110af9713a05   :   adb.exe: device 'ce0117110af9713a05' not found
2026-01-09 00:19:48   ce031603b3d7600503   :   adb.exe: device 'ce031603b3d7600503' not found
2026-01-09 00:19:50   ce041604d518202e01   :   adb.exe: device 'ce041604d518202e01' not found
2026-01-09 00:19:52   ce041604a5a93f0c04   :   adb.exe: device 'ce041604a5a93f0c04' not found
2026-01-09 00:19:54   ce091609d0e07c3c05   :   adb.exe: device 'ce091609d0e07c3c05' not found
2026-01-09 00:19:56   ce10160a8113a41e05   :   adb.exe: device 'ce10160a8113a41e05' not found
2026-01-09 00:19:58   ce0616062d672a0303   :   adb.exe: device 'ce0616062d672a0303' not found
2026-01-09 00:20:00   ce12160c0aac783c04   :   adb.exe: device 'ce12160c0aac783c04' not found
2026-01-09 00:20:02   ce11160b34a0863604   :   adb.exe: device 'ce11160b34a0863604' not found
2026-01-09 00:20:04   ce12160cbb86050405   :   adb.exe: device 'ce12160cbb86050405' not found
2026-01-09 00:20:06   ce11160b19aab50804   :   adb.exe: device 'ce11160b19aab50804' not found
2026-01-09 00:20:08   e5dd0e31   :   adb.exe: device 'e5dd0e31' not found
2026-01-09 00:20:51   ce0117110af9713a05   :   Installation sequence failed with rollback.
2026-01-09 00:20:53   ce021602335bdc0d02   :   Installation sequence failed with rollback.
2026-01-09 00:20:55   ce02160265ac7d2004   :   Installation sequence failed with rollback.
2026-01-09 00:20:57   ce011601ca2b952604   :   Installation sequence failed with rollback.
2026-01-09 00:20:59   ce0216024b0d102305   :   Installation sequence failed with rollback.
2026-01-09 00:21:01   ce01171119989a1702   :   Installation sequence failed with rollback.
2026-01-09 00:21:03   ce021602750c553d02   :   Installation sequence failed with rollback.
2026-01-09 00:21:06   ce10160a8113a41e05   :   Installation sequence failed with rollback.
2026-01-09 00:21:08   e5dd0e31   :   Installation sequence failed with rollback.
2026-01-09 00:21:10   ce01160184cf891b02   :   Installation sequence failed with rollback.
2026-01-09 00:21:12   ce11160b34a0863604   :   Installation sequence failed with rollback.
2026-01-09 00:21:14   ce02171272041ce70c   :   Installation sequence failed with rollback.
2026-01-09 00:21:16   ce0416041879102602   :   Installation sequence failed with rollback.
2026-01-09 00:21:18   ce11160b19aab50804   :   Installation sequence failed with rollback.
2026-01-09 00:21:20   ce0616062d672a0303   :   Installation sequence failed with rollback.
2026-01-09 00:21:22   ce041604d518202e01   :   Installation sequence failed with rollback.
2026-01-09 00:21:24   ce12160cbb86050405   :   Installation sequence failed with rollback.
2026-01-09 00:21:26   ce031603b3d7600503   :   Installation sequence failed with rollback.
2026-01-09 00:21:28   ce091609d0e07c3c05   :   Installation sequence failed with rollback.
2026-01-09 00:21:30   ce041604a5a93f0c04   :   Installation sequence failed with rollback.
2026-01-09 00:21:32   ce12160c0aac783c04   :   Installation sequence failed with rollback.
2026-01-09 00:27:11   e5dd0e31   :   Installation sequence failed with rollback.
2026-01-09 00:27:55   e5dd0e31   :   Installation sequence failed with rollback.
2026-01-09 00:29:47   e5dd0e31   :   adb: error: failed to get feature set: device 'e5dd0e31' not found
2026-01-09 00:29:49   ce12160cbb86050405   :   adb: error: failed to get feature set: device 'ce12160cbb86050405' not found
2026-01-09 00:29:51   ce12160c0aac783c04   :   adb: error: failed to get feature set: device 'ce12160c0aac783c04' not found
2026-01-09 00:29:58   ce12160c0aac783c04   :   adb: error: failed to get feature set: device 'ce12160c0aac783c04' not found
2026-01-09 00:30:00   e5dd0e31   :   adb: error: failed to get feature set: device 'e5dd0e31' not found
2026-01-09 00:30:02   ce12160cbb86050405   :   adb: error: failed to get feature set: device 'ce12160cbb86050405' not found
2026-01-09 00:30:11   ce12160cbb86050405   :   adb: error: failed to get feature set: device 'ce12160cbb86050405' not found
2026-01-09 00:30:13   e5dd0e31   :   adb: error: failed to get feature set: device 'e5dd0e31' not found
2026-01-09 00:30:15   ce12160c0aac783c04   :   adb: error: failed to get feature set: device 'ce12160c0aac783c04' not found
2026-01-09 00:34:54   e5dd0e31   :   adb: error: failed to get feature set: device 'e5dd0e31' not found
2026-01-09 00:34:56   ce12160c0aac783c04   :   adb: error: failed to get feature set: device 'ce12160c0aac783c04' not found
2026-01-09 00:34:58   ce12160cbb86050405   :   adb: error: failed to get feature set: device 'ce12160cbb86050405' not found
2026-01-09 00:35:03   ce12160c0aac783c04   :   adb: error: failed to get feature set: device 'ce12160c0aac783c04' not found
2026-01-09 00:35:05   ce12160cbb86050405   :   adb: error: failed to get feature set: device 'ce12160cbb86050405' not found
2026-01-09 00:35:07   e5dd0e31   :   adb: error: failed to get feature set: device 'e5dd0e31' not found
2026-01-09 00:35:16   ce12160cbb86050405   :   adb: error: failed to get feature set: device 'ce12160cbb86050405' not found
2026-01-09 00:35:18   e5dd0e31   :   adb: error: failed to get feature set: device 'e5dd0e31' not found
2026-01-09 00:35:20   ce12160c0aac783c04   :   adb: error: failed to get feature set: device 'ce12160c0aac783c04' not found
2026-01-09 00:35:52   ce12160c0aac783c04   :   adb: error: failed to get feature set: device 'ce12160c0aac783c04' not found
2026-01-09 00:35:54   ce12160cbb86050405   :   adb: error: failed to get feature set: device 'ce12160cbb86050405' not found
2026-01-09 00:35:56   e5dd0e31   :   adb: error: failed to get feature set: device 'e5dd0e31' not found
2026-01-09 00:36:04   e5dd0e31   :   adb: error: failed to get feature set: device 'e5dd0e31' not found
2026-01-09 00:36:06   ce12160cbb86050405   :   adb: error: failed to get feature set: device 'ce12160cbb86050405' not found
2026-01-09 00:36:08   ce12160c0aac783c04   :   adb: error: failed to get feature set: device 'ce12160c0aac783c04' not found
2026-01-09 00:36:56   ce12160cbb86050405   :   adb: error: failed to get feature set: device 'ce12160cbb86050405' not found
2026-01-09 00:36:58   ce12160c0aac783c04   :   adb: error: failed to get feature set: device 'ce12160c0aac783c04' not found
2026-01-09 00:37:00   e5dd0e31   :   adb: error: failed to get feature set: device 'e5dd0e31' not found
2026-01-09 00:37:05   ce12160cbb86050405   :   adb: error: failed to get feature set: device 'ce12160cbb86050405' not found
2026-01-09 00:37:07   e5dd0e31   :   adb: error: failed to get feature set: device 'e5dd0e31' not found
2026-01-09 00:37:09   ce12160c0aac783c04   :   adb: error: failed to get feature set: device 'ce12160c0aac783c04' not found
2026-01-09 00:37:23   e5dd0e31   :   adb: error: failed to get feature set: device 'e5dd0e31' not found
2026-01-09 00:37:25   ce12160cbb86050405   :   adb: error: failed to get feature set: device 'ce12160cbb86050405' not found
2026-01-09 00:37:27   ce12160c0aac783c04   :   adb: error: failed to get feature set: device 'ce12160c0aac783c04' not found
2026-01-09 00:37:35   e5dd0e31   :   adb: error: failed to get feature set: device 'e5dd0e31' not found
2026-01-09 00:37:37   ce12160c0aac783c04   :   adb: error: failed to get feature set: device 'ce12160c0aac783c04' not found
2026-01-09 00:37:39   ce12160cbb86050405   :   adb: error: failed to get feature set: device 'ce12160cbb86050405' not found
2026-01-09 00:37:47   ce12160cbb86050405   :   adb: error: failed to get feature set: device 'ce12160cbb86050405' not found
2026-01-09 00:37:50   ce12160c0aac783c04   :   adb: error: failed to get feature set: device 'ce12160c0aac783c04' not found
2026-01-09 00:37:52   e5dd0e31   :   adb: error: failed to get feature set: device 'e5dd0e31' not found
2026-01-09 00:38:38   ce12160c0aac783c04   :   Installation sequence failed with rollback.
2026-01-09 00:38:40   ce12160cbb86050405   :   Installation sequence failed with rollback.
2026-01-09 00:38:42   e5dd0e31   :   Installation sequence failed with rollback.
2026-01-09 00:45:56   ce12160cbb86050405   :   Installation sequence failed with rollback.
2026-01-09 00:45:59   ce12160c0aac783c04   :   Installation sequence failed with rollback.
2026-01-09 00:46:01   e5dd0e31   :   Installation sequence failed with rollback.
2026-01-09 00:50:53   ce12160cbb86050405   :   Installation sequence failed with rollback.
2026-01-09 00:50:55   ce12160c0aac783c04   :   Installation sequence failed with rollback.
2026-01-09 00:50:57   e5dd0e31   :   Installation sequence failed with rollback.
2026-01-09 00:52:51   ce12160cbb86050405   :   Installation sequence failed with rollback.
2026-01-09 00:52:53   e5dd0e31   :   Installation sequence failed with rollback.
2026-01-09 00:52:55   ce12160c0aac783c04   :   Installation sequence failed with rollback.
2026-01-09 01:00:22   ce12160c0aac783c04   :   Installation sequence failed with rollback.
2026-01-09 01:00:24   ce12160cbb86050405   :   Installation sequence failed with rollback.
2026-01-09 01:00:26   e5dd0e31   :   Installation sequence failed with rollback.
2026-01-09 01:08:17   e5dd0e31   :   Installation sequence failed with rollback.
2026-01-09 01:08:19   ce12160cbb86050405   :   Installation sequence failed with rollback.
2026-01-09 01:08:21   ce12160c0aac783c04   :   Installation sequence failed with rollback.
2026-01-09 01:11:53   e5dd0e31   :   Installation sequence failed with rollback.
2026-01-09 01:11:55   ce12160cbb86050405   :   Installation sequence failed with rollback.
2026-01-09 01:11:57   ce12160c0aac783c04   :   Installation sequence failed with rollback.
2026-01-09 01:12:45   ce12160c0aac783c04   :   Installation sequence failed with rollback.
2026-01-09 01:12:47   ce12160cbb86050405   :   Installation sequence failed with rollback.
2026-01-09 01:12:49   e5dd0e31   :   Installation sequence failed with rollback.
2026-01-09 18:53:30   RS4HU8XW4HY9FE4X   :   adb.exe: device 'RS4HU8XW4HY9FE4X' not found
2026-01-09 18:57:54   RS4HU8XW4HY9FE4X   :   adb.exe: device 'RS4HU8XW4HY9FE4X' not found
2026-01-11 01:30:13   ZDPN457HG67DIFN7   :   Installation sequence failed with rollback.
2026-01-11 01:34:50   ZDPN457HG67DIFN7   :   Installation sequence failed with rollback.
2026-01-15 02:10:50   ZDPN457HG67DIFN7   :   Installation sequence failed with rollback.
2026-01-15 02:30:54   ZDPN457HG67DIFN7   :   android.util.AndroidException: INSTRUMENTATION_FAILED: nat.myc.test/androidx.test.runner.AndroidJUnitRunner
	at com.android.commands.am.Instrument.run(Instrument.java:519)
	at com.android.commands.am.Am.runInstrument(Am.java:202)
	at com.android.commands.am.Am.onRun(Am.java:80)
	at com.android.internal.os.BaseCommand.run(BaseCommand.java:60)
	at com.android.commands.am.Am.main(Am.java:50)
	at com.android.internal.os.RuntimeInit.nativeFinishInit(Native Method)
	at com.android.internal.os.RuntimeInit.main(RuntimeInit.java:439)
2026-01-15 02:31:40   RFCWA172XFK   :   adb.exe: device 'RFCWA172XFK' not found
2026-01-15 02:31:40   abcd   :   adb.exe: device 'abcd' not found
2026-01-15 02:31:41   abc   :   adb.exe: device 'abc' not found
2026-01-15 02:31:41   RS4HU8XW4HY9FE4X   :   adb.exe: device 'RS4HU8XW4HY9FE4X' not found
2026-01-15 02:38:56   RFCWA172XFK   :   adb.exe: device 'RFCWA172XFK' not found
2026-01-15 02:38:56   abc   :   adb.exe: device 'abc' not found
2026-01-15 02:38:56   RS4HU8XW4HY9FE4X   :   adb.exe: device 'RS4HU8XW4HY9FE4X' not found
2026-01-15 02:38:56   abcd   :   adb.exe: device 'abcd' not found
2026-01-15 02:39:19   RFCWA172XFK   :   adb.exe: device 'RFCWA172XFK' not found
2026-01-15 02:39:19   RS4HU8XW4HY9FE4X   :   adb.exe: device 'RS4HU8XW4HY9FE4X' not found
2026-01-15 02:39:19   abc   :   adb.exe: device 'abc' not found
2026-01-15 02:39:19   abcd   :   adb.exe: device 'abcd' not found
2026-01-15 02:40:41   RFCWA172XFK   :   adb.exe: device 'RFCWA172XFK' not found
2026-01-15 02:40:41   abcd   :   adb.exe: device 'abcd' not found
2026-01-15 02:40:41   RS4HU8XW4HY9FE4X   :   adb.exe: device 'RS4HU8XW4HY9FE4X' not found
2026-01-15 02:40:41   abc   :   adb.exe: device 'abc' not found
2026-01-15 03:03:16   RFCWA172XFK   :   adb.exe: device 'RFCWA172XFK' not found
2026-01-15 03:03:16   RS4HU8XW4HY9FE4X   :   adb.exe: device 'RS4HU8XW4HY9FE4X' not found
2026-01-15 03:03:16   abc   :   adb.exe: device 'abc' not found
2026-01-15 03:03:16   abcd   :   adb.exe: device 'abcd' not found
2026-01-15 03:17:15   RFCWA172XFK   :   adb.exe: device 'RFCWA172XFK' not found
2026-01-15 03:17:15   RS4HU8XW4HY9FE4X   :   adb.exe: device 'RS4HU8XW4HY9FE4X' not found
2026-01-15 03:17:15   abcd   :   adb.exe: device 'abcd' not found
2026-01-15 03:17:15   abc   :   adb.exe: device 'abc' not found
2026-01-15 03:28:23   abc   :   Installation sequence failed with rollback.
2026-01-15 03:28:23   RFCWA172XFK   :   Installation sequence failed with rollback.
2026-01-15 03:28:23   abcd   :   Installation sequence failed with rollback.
2026-01-15 03:28:23   RS4HU8XW4HY9FE4X   :   Installation sequence failed with rollback.
2026-01-15 03:44:29   abcd   :   adb.exe: device 'abcd' not found
2026-01-15 03:44:29   RS4HU8XW4HY9FE4X   :   adb.exe: device 'RS4HU8XW4HY9FE4X' not found
2026-01-15 03:44:29   RFCWA172XFK   :   adb.exe: device 'RFCWA172XFK' not found
2026-01-15 03:44:29   abc   :   adb.exe: device 'abc' not found
2026-01-15 04:12:11   abc   :   adb.exe: device 'abc' not found
2026-01-15 04:12:11   abcd   :   adb.exe: device 'abcd' not found
2026-01-15 04:12:11   RS4HU8XW4HY9FE4X   :   adb.exe: device 'RS4HU8XW4HY9FE4X' not found
2026-01-15 04:12:11   RFCWA172XFK   :   adb.exe: device 'RFCWA172XFK' not found
2026-01-15 04:12:24   RS4HU8XW4HY9FE4X   :   adb.exe: device 'RS4HU8XW4HY9FE4X' not found
2026-01-15 04:12:24   RFCWA172XFK   :   adb.exe: device 'RFCWA172XFK' not found
2026-01-15 04:12:24   abcd   :   adb.exe: device 'abcd' not found
2026-01-15 04:12:24   abc   :   adb.exe: device 'abc' not found
2026-01-15 04:21:02   RS4HU8XW4HY9FE4X   :   adb.exe: device 'RS4HU8XW4HY9FE4X' not found
2026-01-15 04:21:19   RS4HU8XW4HY9FE4X   :   Installation sequence failed with rollback.
2026-01-15 04:21:19   ZDPN457HG67DIFN7   :   Installation sequence failed with rollback.
2026-01-15 20:14:48   abc   :   adb.exe: device 'abc' not found
2026-01-15 20:14:48   ce0216024b0d102305   :   adb.exe: device 'ce0216024b0d102305' not found
2026-01-15 20:14:48   abcd   :   adb.exe: device 'abcd' not found
2026-01-15 20:14:48   ce0117110af9713a05   :   adb.exe: device 'ce0117110af9713a05' not found
2026-01-15 20:14:48   ce021602335bdc0d02   :   adb.exe: device 'ce021602335bdc0d02' not found
2026-01-15 20:14:48   ce01171119989a1702   :   adb.exe: device 'ce01171119989a1702' not found
2026-01-15 20:14:48   ce01160184cf891b02   :   adb.exe: device 'ce01160184cf891b02' not found
2026-01-15 20:14:49   ce021602750c553d02   :   adb.exe: device 'ce021602750c553d02' not found
2026-01-15 20:14:49   ce02160265ac7d2004   :   adb.exe: device 'ce02160265ac7d2004' not found
2026-01-15 20:14:49   ce011601ca2b952604   :   adb.exe: device 'ce011601ca2b952604' not found
2026-01-15 20:14:49   ce02171272041ce70c   :   adb.exe: device 'ce02171272041ce70c' not found
